ARTest/unityLibrary/build/intermediates/manifest_merge_blame_file/debug/manifest-merger-blame-debug-report.txt
1<?xml version="1.0" encoding="utf-8"?>
2<!-- GENERATED BY UNITY. REMOVE THIS COMMENT TO PREVENT OVERWRITING WHEN EXPORTING AGAIN -->
3<manifest xmlns:android="http://schemas.android.com/apk/res/android"
4    xmlns:tools="http://schemas.android.com/tools"
5    package="com.unity3d.player" >
6
7    <uses-sdk
8        android:minSdkVersion="24"
8-->src\main\AndroidManifest.xml
9        android:targetSdkVersion="30" />
9-->src\main\AndroidManifest.xml
10
11    <uses-feature android:glEsVersion="0x00030000" />
11-->src\main\AndroidManifest.xml:20:3-52
11-->src\main\AndroidManifest.xml:20:17-49
12
13    <uses-permission android:name="android.permission.INTERNET" />
13-->src\main\AndroidManifest.xml:21:3-65
13-->src\main\AndroidManifest.xml:21:20-62
14
15    <uses-feature
15-->src\main\AndroidManifest.xml:22:3-88
16        android:name="android.hardware.touchscreen"
16-->src\main\AndroidManifest.xml:22:17-60
17        android:required="false" />
17-->src\main\AndroidManifest.xml:22:61-85
18    <uses-feature
18-->src\main\AndroidManifest.xml:23:3-99
19        android:name="android.hardware.touchscreen.multitouch"
19-->src\main\AndroidManifest.xml:23:17-71
20        android:required="false" />
20-->src\main\AndroidManifest.xml:23:72-96
21    <uses-feature
21-->src\main\AndroidManifest.xml:24:3-108
22        android:name="android.hardware.touchscreen.multitouch.distinct"
22-->src\main\AndroidManifest.xml:24:17-80
23        android:required="false" />
23-->src\main\AndroidManifest.xml:24:81-105
24
25    <uses-permission android:name="android.permission.CAMERA" />
25-->src\main\AndroidManifest.xml:25:3-63
25-->src\main\AndroidManifest.xml:25:20-60
26
27    <uses-feature
27-->src\main\AndroidManifest.xml:26:3-85
28        android:name="android.hardware.camera.ar"
28-->src\main\AndroidManifest.xml:26:17-58
29        android:required="true" />
29-->src\main\AndroidManifest.xml:26:59-82
30    <uses-feature
30-->src\main\AndroidManifest.xml:27:3-83
31        android:name="com.google.ar.core.depth"
31-->src\main\AndroidManifest.xml:27:17-56
32        android:required="true" />
32-->src\main\AndroidManifest.xml:27:57-80
33
34    <application>
34-->src\main\AndroidManifest.xml:4:3-19:17
35        <activity
35-->src\main\AndroidManifest.xml:5:5-12:16
36            android:name="com.unity3d.player.UnityPlayerActivity"
36-->src\main\AndroidManifest.xml:5:15-68
37            android:configChanges="mcc|mnc|locale|touchscreen|keyboard|keyboardHidden|navigation|orientation|screenLayout|uiMode|screenSize|smallestScreenSize|fontScale|layoutDirection|density"
37-->src\main\AndroidManifest.xml:5:206-387
38            android:exported="true"
38-->src\main\AndroidManifest.xml:5:69-92
39            android:hardwareAccelerated="false"
39-->src\main\AndroidManifest.xml:5:419-454
40            android:launchMode="singleTask"
40-->src\main\AndroidManifest.xml:5:174-205
41            android:process=":unityplayer"
41-->src\main\AndroidManifest.xml:5:388-418
42            android:screenOrientation="fullSensor"
42-->src\main\AndroidManifest.xml:5:135-173
43            android:theme="@style/UnityThemeSelector" >
43-->src\main\AndroidManifest.xml:5:93-134
44            <intent-filter>
44-->src\main\AndroidManifest.xml:6:7-9:23
45                <action android:name="android.intent.action.MAIN" />
45-->src\main\AndroidManifest.xml:7:9-61
45-->src\main\AndroidManifest.xml:7:17-58
46
47                <category android:name="android.intent.category.LAUNCHER" />
47-->src\main\AndroidManifest.xml:8:9-69
47-->src\main\AndroidManifest.xml:8:19-66
48            </intent-filter>
49
50            <meta-data
50-->src\main\AndroidManifest.xml:10:7-82
51                android:name="unityplayer.UnityActivity"
51-->src\main\AndroidManifest.xml:10:18-58
52                android:value="true" />
52-->src\main\AndroidManifest.xml:10:59-79
53            <meta-data
53-->src\main\AndroidManifest.xml:11:7-78
54                android:name="android.notch_support"
54-->src\main\AndroidManifest.xml:11:18-54
55                android:value="true" />
55-->src\main\AndroidManifest.xml:11:55-75
56        </activity>
57
58        <meta-data
58-->src\main\AndroidManifest.xml:13:5-69
59            android:name="unity.splash-mode"
59-->src\main\AndroidManifest.xml:13:16-48
60            android:value="0" />
60-->src\main\AndroidManifest.xml:13:49-66
61        <meta-data
61-->src\main\AndroidManifest.xml:14:5-74
62            android:name="unity.splash-enable"
62-->src\main\AndroidManifest.xml:14:16-50
63            android:value="True" />
63-->src\main\AndroidManifest.xml:14:51-71
64        <meta-data
64-->src\main\AndroidManifest.xml:15:5-81
65            android:name="notch.config"
65-->src\main\AndroidManifest.xml:15:16-43
66            android:value="portrait|landscape" />
66-->src\main\AndroidManifest.xml:15:44-78
67        <meta-data
67-->src\main\AndroidManifest.xml:16:5-101
68            android:name="unity.build-id"
68-->src\main\AndroidManifest.xml:16:16-45
69            android:value="458031b9-72d1-4aec-907c-83e0068ee135" />
69-->src\main\AndroidManifest.xml:16:46-98
70        <meta-data
70-->src\main\AndroidManifest.xml:17:5-88
71            android:name="unityplayer.SkipPermissionsDialog"
71-->src\main\AndroidManifest.xml:17:16-64
72            android:value="true" />
72-->src\main\AndroidManifest.xml:17:65-85
73        <meta-data
73-->src\main\AndroidManifest.xml:18:5-77
74            android:name="com.google.ar.core"
74-->src\main\AndroidManifest.xml:18:16-49
75            android:value="required" />
75-->src\main\AndroidManifest.xml:18:50-74
76    </application>
77
78</manifest>